New log file opened at Sat Nov 11 20:42:49 IST 2017 by 4168@Dell-PC
Taking next connection to: 50143
New client attempting to connect on port: 50144-50143
  Address = /192.168.2.7:50143
This client on port 50144 has uuid 772829cc-43cf-4b4f-a592-68d996972536 configName play-fork-run humanReadableName Play Fork Run protocolVersion 1 featureTags Vector()
Connected Clients: play-fork-run-772829cc-43cf-4b4f-a592-68d996972536
Taking next connection to: 50143
New client attempting to connect on port: 50328-50143
  Address = /192.168.2.7:50143
Handshake exception on socket: 50328
sbt.impl.ipc.HandshakeException: Unable to perform handshake
	at sbt.impl.ipc.Peer.handshake(IPC.scala:46)
	at sbt.impl.ipc.MultiClientServer.<init>(IPC.scala:150)
	at sbt.server.SbtServerSocketHandler$$anon$1.run(SbtServerSocketHandler.scala:43)
Caused by: java.net.SocketException: Software caused connection abort: recv failed
	at java.net.SocketInputStream.socketRead0(Native Method)
	at java.net.SocketInputStream.socketRead(SocketInputStream.java:116)
	at java.net.SocketInputStream.read(SocketInputStream.java:170)
	at java.net.SocketInputStream.read(SocketInputStream.java:141)
	at java.io.BufferedInputStream.fill(BufferedInputStream.java:246)
	at java.io.BufferedInputStream.read(BufferedInputStream.java:265)
	at java.io.DataInputStream.readInt(DataInputStream.java:387)
	at sbt.impl.ipc.Peer.receive(IPC.scala:95)
	at sbt.impl.ipc.Peer.handshake(IPC.scala:49)
	... 2 more
Taking next connection to: 50143
New client attempting to connect on port: 50329-50143
  Address = /192.168.2.7:50143
This client on port 50329 has uuid f3c0daec-2a5e-40b9-ae1f-93b703f23a73 configName play-fork-run humanReadableName Play Fork Run protocolVersion 1 featureTags Vector()
Connected Clients: play-fork-run-f3c0daec-2a5e-40b9-ae1f-93b703f23a73
Taking next connection to: 50143
